<?xml version="1.0" encoding="UTF-8"?>
<testsuite xmlns:xsi="http://www.w3.org/2001/XMLSchema-instance" xsi:noNamespaceSchemaLocation="https://maven.apache.org/surefire/maven-surefire-plugin/xsd/surefire-test-report-3.0.xsd" version="3.0" name="model.JsonObjectTest" time="0" tests="15" errors="0" skipped="0" failures="0">
  <properties>
    <property name="java.specification.version" value="17"/>
    <property name="sun.jnu.encoding" value="UTF-8"/>
    <property name="java.class.path" value="/Users/ronaldosanto/Desktop/jsonlibrarypa/target/test-classes:/Users/ronaldosanto/Desktop/jsonlibrarypa/target/classes:/Users/ronaldosanto/.m2/repository/org/jetbrains/kotlin/kotlin-stdlib-jdk8/1.8.21/kotlin-stdlib-jdk8-1.8.21.jar:/Users/ronaldosanto/.m2/repository/org/jetbrains/kotlin/kotlin-stdlib/1.8.21/kotlin-stdlib-1.8.21.jar:/Users/ronaldosanto/.m2/repository/org/jetbrains/kotlin/kotlin-stdlib-common/1.8.21/kotlin-stdlib-common-1.8.21.jar:/Users/ronaldosanto/.m2/repository/org/jetbrains/annotations/13.0/annotations-13.0.jar:/Users/ronaldosanto/.m2/repository/org/jetbrains/kotlin/kotlin-stdlib-jdk7/1.8.21/kotlin-stdlib-jdk7-1.8.21.jar:/Users/ronaldosanto/.m2/repository/org/jetbrains/kotlin/kotlin-reflect/1.8.21/kotlin-reflect-1.8.21.jar:/Users/ronaldosanto/.m2/repository/org/jetbrains/kotlin/kotlin-test-junit5/1.8.21/kotlin-test-junit5-1.8.21.jar:/Users/ronaldosanto/.m2/repository/org/jetbrains/kotlin/kotlin-test-junit/1.8.21/kotlin-test-junit-1.8.21.jar:/Users/ronaldosanto/.m2/repository/junit/junit/4.13.2/junit-4.13.2.jar:/Users/ronaldosanto/.m2/repository/org/hamcrest/hamcrest-core/1.3/hamcrest-core-1.3.jar:/Users/ronaldosanto/.m2/repository/com/willowtreeapps/assertk/assertk-jvm/0.25/assertk-jvm-0.25.jar:/Users/ronaldosanto/.m2/repository/com/willowtreeapps/opentest4k/opentest4k-jvm/1.2.2/opentest4k-jvm-1.2.2.jar:/Users/ronaldosanto/.m2/repository/org/opentest4j/opentest4j/1.2.0/opentest4j-1.2.0.jar:/Users/ronaldosanto/.m2/repository/org/junit/jupiter/junit-jupiter/5.9.2/junit-jupiter-5.9.2.jar:/Users/ronaldosanto/.m2/repository/org/junit/jupiter/junit-jupiter-api/5.9.2/junit-jupiter-api-5.9.2.jar:/Users/ronaldosanto/.m2/repository/org/junit/platform/junit-platform-commons/1.9.2/junit-platform-commons-1.9.2.jar:/Users/ronaldosanto/.m2/repository/org/apiguardian/apiguardian-api/1.1.2/apiguardian-api-1.1.2.jar:/Users/ronaldosanto/.m2/repository/org/junit/jupiter/junit-jupiter-params/5.9.2/junit-jupiter-params-5.9.2.jar:/Users/ronaldosanto/.m2/repository/org/junit/jupiter/junit-jupiter-engine/5.9.2/junit-jupiter-engine-5.9.2.jar:/Users/ronaldosanto/.m2/repository/org/junit/platform/junit-platform-engine/1.9.2/junit-platform-engine-1.9.2.jar:/Users/ronaldosanto/.m2/repository/org/jetbrains/kotlin/kotlin-test/1.8.21/kotlin-test-1.8.21.jar:"/>
    <property name="java.vm.vendor" value="Eclipse Adoptium"/>
    <property name="sun.arch.data.model" value="64"/>
    <property name="java.vendor.url" value="https://adoptium.net/"/>
    <property name="os.name" value="Mac OS X"/>
    <property name="java.vm.specification.version" value="17"/>
    <property name="sun.java.launcher" value="SUN_STANDARD"/>
    <property name="user.country" value="PT"/>
    <property name="sun.boot.library.path" value="/Library/Java/JavaVirtualMachines/temurin-17.jdk/Contents/Home/lib"/>
    <property name="sun.java.command" value="/Users/ronaldosanto/Desktop/jsonlibrarypa/target/surefire/surefirebooter4764953173551866847.jar /Users/ronaldosanto/Desktop/jsonlibrarypa/target/surefire 2023-06-07T08-19-18_673-jvmRun1 surefire17265943089408008634tmp surefire_07273376333565730396tmp"/>
    <property name="http.nonProxyHosts" value="local|*.local|169.254/16|*.169.254/16"/>
    <property name="jdk.debug" value="release"/>
    <property name="surefire.test.class.path" value="/Users/ronaldosanto/Desktop/jsonlibrarypa/target/test-classes:/Users/ronaldosanto/Desktop/jsonlibrarypa/target/classes:/Users/ronaldosanto/.m2/repository/org/jetbrains/kotlin/kotlin-stdlib-jdk8/1.8.21/kotlin-stdlib-jdk8-1.8.21.jar:/Users/ronaldosanto/.m2/repository/org/jetbrains/kotlin/kotlin-stdlib/1.8.21/kotlin-stdlib-1.8.21.jar:/Users/ronaldosanto/.m2/repository/org/jetbrains/kotlin/kotlin-stdlib-common/1.8.21/kotlin-stdlib-common-1.8.21.jar:/Users/ronaldosanto/.m2/repository/org/jetbrains/annotations/13.0/annotations-13.0.jar:/Users/ronaldosanto/.m2/repository/org/jetbrains/kotlin/kotlin-stdlib-jdk7/1.8.21/kotlin-stdlib-jdk7-1.8.21.jar:/Users/ronaldosanto/.m2/repository/org/jetbrains/kotlin/kotlin-reflect/1.8.21/kotlin-reflect-1.8.21.jar:/Users/ronaldosanto/.m2/repository/org/jetbrains/kotlin/kotlin-test-junit5/1.8.21/kotlin-test-junit5-1.8.21.jar:/Users/ronaldosanto/.m2/repository/org/jetbrains/kotlin/kotlin-test-junit/1.8.21/kotlin-test-junit-1.8.21.jar:/Users/ronaldosanto/.m2/repository/junit/junit/4.13.2/junit-4.13.2.jar:/Users/ronaldosanto/.m2/repository/org/hamcrest/hamcrest-core/1.3/hamcrest-core-1.3.jar:/Users/ronaldosanto/.m2/repository/com/willowtreeapps/assertk/assertk-jvm/0.25/assertk-jvm-0.25.jar:/Users/ronaldosanto/.m2/repository/com/willowtreeapps/opentest4k/opentest4k-jvm/1.2.2/opentest4k-jvm-1.2.2.jar:/Users/ronaldosanto/.m2/repository/org/opentest4j/opentest4j/1.2.0/opentest4j-1.2.0.jar:/Users/ronaldosanto/.m2/repository/org/junit/jupiter/junit-jupiter/5.9.2/junit-jupiter-5.9.2.jar:/Users/ronaldosanto/.m2/repository/org/junit/jupiter/junit-jupiter-api/5.9.2/junit-jupiter-api-5.9.2.jar:/Users/ronaldosanto/.m2/repository/org/junit/platform/junit-platform-commons/1.9.2/junit-platform-commons-1.9.2.jar:/Users/ronaldosanto/.m2/repository/org/apiguardian/apiguardian-api/1.1.2/apiguardian-api-1.1.2.jar:/Users/ronaldosanto/.m2/repository/org/junit/jupiter/junit-jupiter-params/5.9.2/junit-jupiter-params-5.9.2.jar:/Users/ronaldosanto/.m2/repository/org/junit/jupiter/junit-jupiter-engine/5.9.2/junit-jupiter-engine-5.9.2.jar:/Users/ronaldosanto/.m2/repository/org/junit/platform/junit-platform-engine/1.9.2/junit-platform-engine-1.9.2.jar:/Users/ronaldosanto/.m2/repository/org/jetbrains/kotlin/kotlin-test/1.8.21/kotlin-test-1.8.21.jar:"/>
    <property name="sun.cpu.endian" value="little"/>
    <property name="user.home" value="/Users/ronaldosanto"/>
    <property name="user.language" value="en"/>
    <property name="java.specification.vendor" value="Oracle Corporation"/>
    <property name="java.version.date" value="2023-01-17"/>
    <property name="java.home" value="/Library/Java/JavaVirtualMachines/temurin-17.jdk/Contents/Home"/>
    <property name="file.separator" value="/"/>
    <property name="basedir" value="/Users/ronaldosanto/Desktop/jsonlibrarypa"/>
    <property name="java.vm.compressedOopsMode" value="Zero based"/>
    <property name="line.separator" value="&#10;"/>
    <property name="java.specification.name" value="Java Platform API Specification"/>
    <property name="java.vm.specification.vendor" value="Oracle Corporation"/>
    <property name="surefire.real.class.path" value="/Users/ronaldosanto/Desktop/jsonlibrarypa/target/surefire/surefirebooter4764953173551866847.jar"/>
    <property name="sun.management.compiler" value="HotSpot 64-Bit Tiered Compilers"/>
    <property name="ftp.nonProxyHosts" value="local|*.local|169.254/16|*.169.254/16"/>
    <property name="java.runtime.version" value="17.0.6+10"/>
    <property name="user.name" value="ronaldosanto"/>
    <property name="path.separator" value=":"/>
    <property name="os.version" value="13.4"/>
    <property name="java.runtime.name" value="OpenJDK Runtime Environment"/>
    <property name="file.encoding" value="UTF-8"/>
    <property name="java.vm.name" value="OpenJDK 64-Bit Server VM"/>
    <property name="java.vendor.version" value="Temurin-17.0.6+10"/>
    <property name="localRepository" value="/Users/ronaldosanto/.m2/repository"/>
    <property name="java.vendor.url.bug" value="https://github.com/adoptium/adoptium-support/issues"/>
    <property name="java.io.tmpdir" value="/var/folders/j5/_khkb7zs5y71gjh32qfvcrkw0000gn/T/"/>
    <property name="java.version" value="17.0.6"/>
    <property name="user.dir" value="/Users/ronaldosanto/Desktop/jsonlibrarypa"/>
    <property name="os.arch" value="aarch64"/>
    <property name="java.vm.specification.name" value="Java Virtual Machine Specification"/>
    <property name="native.encoding" value="UTF-8"/>
    <property name="java.library.path" value="/Users/ronaldosanto/Library/Java/Extensions:/Library/Java/Extensions:/Network/Library/Java/Extensions:/System/Library/Java/Extensions:/usr/lib/java:."/>
    <property name="java.vm.info" value="mixed mode"/>
    <property name="java.vendor" value="Eclipse Adoptium"/>
    <property name="java.vm.version" value="17.0.6+10"/>
    <property name="sun.io.unicode.encoding" value="UnicodeBig"/>
    <property name="socksNonProxyHosts" value="local|*.local|169.254/16|*.169.254/16"/>
    <property name="java.class.version" value="61.0"/>
  </properties>
  <testcase name="Test Set String Value" classname="model.JsonObjectTest" time="0"/>
  <testcase name="Test To Json String Empty" classname="model.JsonObjectTest" time="0"/>
  <testcase name="testGetWhenKeyExistsForArrayValue" classname="model.JsonObjectTest" time="0"/>
  <testcase name="testGetWhenKeyDoesNotExist" classname="model.JsonObjectTest" time="0"/>
  <testcase name="Test Set Array Value" classname="model.JsonObjectTest" time="0"/>
  <testcase name="Test Set Null Value" classname="model.JsonObjectTest" time="0"/>
  <testcase name="testGetWhenKeyExistsForStringValue" classname="model.JsonObjectTest" time="0"/>
  <testcase name="Test To Json String Non Empty" classname="model.JsonObjectTest" time="0"/>
  <testcase name="testGetWhenKeyExistsForBooleanValue" classname="model.JsonObjectTest" time="0"/>
  <testcase name="testGetWhenKeyExistsForNullValue" classname="model.JsonObjectTest" time="0"/>
  <testcase name="Test Entries Empty" classname="model.JsonObjectTest" time="0"/>
  <testcase name="testSetBooleanValue" classname="model.JsonObjectTest" time="0"/>
  <testcase name="testSetNumberValue" classname="model.JsonObjectTest" time="0"/>
  <testcase name="Test Entries Non Empty" classname="model.JsonObjectTest" time="0"/>
  <testcase name="testGetWhenKeyExistsForNumberValue" classname="model.JsonObjectTest" time="0"/>
</testsuite>